<?xml version="1.0" encoding="UTF-8"?>
<testng-results ignored="0" total="1" passed="1" failed="0" skipped="0">
  <reporter-output>
  </reporter-output>
  <suite started-at="2022-11-09T10:15:05 IST" name="Default suite" finished-at="2022-11-09T10:15:09 IST" duration-ms="4330">
    <groups>
    </groups>
    <test started-at="2022-11-09T10:15:05 IST" name="Default test" finished-at="2022-11-09T10:15:09 IST" duration-ms="4330">
      <class name="com.truepush.qa.testcases.Postcampaign">
        <test-method is-config="true" signature="setup()[pri:0, instance:com.truepush.qa.testcases.Postcampaign@c33b74f]" started-at="2022-11-09T10:15:05 IST" name="setup" finished-at="2022-11-09T10:15:05 IST" duration-ms="57" status="PASS">
          <reporter-output>
          </reporter-output>
        </test-method> <!-- setup -->
        <test-method signature="validatePostCampaignAPI()[pri:0, instance:com.truepush.qa.testcases.Postcampaign@c33b74f]" started-at="2022-11-09T10:15:05 IST" name="validatePostCampaignAPI" finished-at="2022-11-09T10:15:09 IST" duration-ms="4231" status="PASS">
          <reporter-output>
          </reporter-output>
        </test-method> <!-- validatePostCampaignAPI -->
      </class> <!-- com.truepush.qa.testcases.Postcampaign -->
    </test> <!-- Default test -->
  </suite> <!-- Default suite -->
</testng-results>
